# JRE version: Java(TM) SE Runtime Environment (8.0_191-b12) (build 1.8.0_191-b12)
# Java VM: Java HotSpot(TM) 64-Bit Server VM (25.191-b12 mixed mode windows-amd64 compressed oops)
Heap:
 PSYoungGen      total 135168K, used 120581K [0x000000076bb80000, 0x0000000777e80000, 0x00000007c0000000)
  eden space 124416K, 89% used [0x000000076bb80000,0x00000007728804a8,0x0000000773500000)
  from space 10752K, 83% used [0x0000000773500000,0x0000000773dc10c0,0x0000000773f80000)
  to   space 13312K, 0% used [0x0000000777180000,0x0000000777180000,0x0000000777e80000)
 ParOldGen       total 97792K, used 10068K [0x00000006c3200000, 0x00000006c9180000, 0x000000076bb80000)
  object space 97792K, 10% used [0x00000006c3200000,0x00000006c3bd5318,0x00000006c9180000)
 Metaspace       used 30935K, capacity 31992K, committed 32128K, reserved 1077248K
  class space    used 4212K, capacity 4456K, committed 4480K, reserved 1048576K
GC Heap History (10 events):
Event: 3.332 GC heap before
{Heap before GC invocations=2 (full 0):
 PSYoungGen      total 75776K, used 72794K [0x000000076bb80000, 0x0000000771000000, 0x00000007c0000000)
  eden space 65024K, 100% used [0x000000076bb80000,0x000000076fb00000,0x000000076fb00000)
  from space 10752K, 72% used [0x000000076fb00000,0x00000007702968d0,0x0000000770580000)
  to   space 10752K, 0% used [0x0000000770580000,0x0000000770580000,0x0000000771000000)
 ParOldGen       total 173568K, used 16K [0x00000006c3200000, 0x00000006cdb80000, 0x000000076bb80000)
  object space 173568K, 0% used [0x00000006c3200000,0x00000006c3204000,0x00000006cdb80000)
 Metaspace       used 19544K, capacity 20138K, committed 20224K, reserved 1067008K
  class space    used 2554K, capacity 2737K, committed 2816K, reserved 1048576K
Event: 3.339 GC heap after
Heap after GC invocations=2 (full 0):
 PSYoungGen      total 75776K, used 10742K [0x000000076bb80000, 0x0000000771000000, 0x00000007c0000000)
  eden space 65024K, 0% used [0x000000076bb80000,0x000000076bb80000,0x000000076fb00000)
  from space 10752K, 99% used [0x0000000770580000,0x0000000770ffd960,0x0000000771000000)
  to   space 10752K, 0% used [0x000000076fb00000,0x000000076fb00000,0x0000000770580000)
 ParOldGen       total 173568K, used 1949K [0x00000006c3200000, 0x00000006cdb80000, 0x000000076bb80000)
  object space 173568K, 1% used [0x00000006c3200000,0x00000006c33e75d8,0x00000006cdb80000)
 Metaspace       used 19544K, capacity 20138K, committed 20224K, reserved 1067008K
  class space    used 2554K, capacity 2737K, committed 2816K, reserved 1048576K
}
Event: 3.437 GC heap before
{Heap before GC invocations=3 (full 0):
 PSYoungGen      total 75776K, used 21828K [0x000000076bb80000, 0x0000000771000000, 0x00000007c0000000)
  eden space 65024K, 17% used [0x000000076bb80000,0x000000076c653a38,0x000000076fb00000)
  from space 10752K, 99% used [0x0000000770580000,0x0000000770ffd960,0x0000000771000000)
  to   space 10752K, 0% used [0x000000076fb00000,0x000000076fb00000,0x0000000770580000)
 ParOldGen       total 173568K, used 1949K [0x00000006c3200000, 0x00000006cdb80000, 0x000000076bb80000)
  object space 173568K, 1% used [0x00000006c3200000,0x00000006c33e75d8,0x00000006cdb80000)
 Metaspace       used 20607K, capacity 21222K, committed 21296K, reserved 1067008K
  class space    used 2736K, capacity 2895K, committed 2944K, reserved 1048576K
Event: 3.443 GC heap after
Heap after GC invocations=3 (full 0):
 PSYoungGen      total 75776K, used 10291K [0x000000076bb80000, 0x0000000774f80000, 0x00000007c0000000)
  eden space 65024K, 0% used [0x000000076bb80000,0x000000076bb80000,0x000000076fb00000)
  from space 10752K, 95% used [0x000000076fb00000,0x000000077050ce88,0x0000000770580000)
  to   space 10752K, 0% used [0x0000000774500000,0x0000000774500000,0x0000000774f80000)
 ParOldGen       total 173568K, used 1957K [0x00000006c3200000, 0x00000006cdb80000, 0x000000076bb80000)
  object space 173568K, 1% used [0x00000006c3200000,0x00000006c33e95d8,0x00000006cdb80000)
 Metaspace       used 20607K, capacity 21222K, committed 21296K, reserved 1067008K
  class space    used 2736K, capacity 2895K, committed 2944K, reserved 1048576K
}
Event: 3.443 GC heap before
{Heap before GC invocations=4 (full 1):
 PSYoungGen      total 75776K, used 10291K [0x000000076bb80000, 0x0000000774f80000, 0x00000007c0000000)
  eden space 65024K, 0% used [0x000000076bb80000,0x000000076bb80000,0x000000076fb00000)
  from space 10752K, 95% used [0x000000076fb00000,0x000000077050ce88,0x0000000770580000)
  to   space 10752K, 0% used [0x0000000774500000,0x0000000774500000,0x0000000774f80000)
 ParOldGen       total 173568K, used 1957K [0x00000006c3200000, 0x00000006cdb80000, 0x000000076bb80000)
  object space 173568K, 1% used [0x00000006c3200000,0x00000006c33e95d8,0x00000006cdb80000)
 Metaspace       used 20607K, capacity 21222K, committed 21296K, reserved 1067008K
  class space    used 2736K, capacity 2895K, committed 2944K, reserved 1048576K
Event: 3.472 GC heap after
Heap after GC invocations=4 (full 1):
 PSYoungGen      total 75776K, used 0K [0x000000076bb80000, 0x0000000774f80000, 0x00000007c0000000)
  eden space 65024K, 0% used [0x000000076bb80000,0x000000076bb80000,0x000000076fb00000)
  from space 10752K, 0% used [0x000000076fb00000,0x000000076fb00000,0x0000000770580000)
  to   space 10752K, 0% used [0x0000000774500000,0x0000000774500000,0x0000000774f80000)
 ParOldGen       total 97792K, used 10052K [0x00000006c3200000, 0x00000006c9180000, 0x000000076bb80000)
  object space 97792K, 10% used [0x00000006c3200000,0x00000006c3bd1318,0x00000006c9180000)
 Metaspace       used 20607K, capacity 21222K, committed 21296K, reserved 1067008K
  class space    used 2736K, capacity 2895K, committed 2944K, reserved 1048576K
}
Event: 5.391 GC heap before
{Heap before GC invocations=5 (full 1):
 PSYoungGen      total 75776K, used 65024K [0x000000076bb80000, 0x0000000774f80000, 0x00000007c0000000)
  eden space 65024K, 100% used [0x000000076bb80000,0x000000076fb00000,0x000000076fb00000)
  from space 10752K, 0% used [0x000000076fb00000,0x000000076fb00000,0x0000000770580000)
  to   space 10752K, 0% used [0x0000000774500000,0x0000000774500000,0x0000000774f80000)
 ParOldGen       total 97792K, used 10052K [0x00000006c3200000, 0x00000006c9180000, 0x000000076bb80000)
  object space 97792K, 10% used [0x00000006c3200000,0x00000006c3bd1318,0x00000006c9180000)
 Metaspace       used 24494K, capacity 25430K, committed 25600K, reserved 1071104K
  class space    used 3309K, capacity 3535K, committed 3584K, reserved 1048576K
Event: 5.396 GC heap after
Heap after GC invocations=5 (full 1):
 PSYoungGen      total 112128K, used 4894K [0x000000076bb80000, 0x0000000774a00000, 0x00000007c0000000)
  eden space 107008K, 0% used [0x000000076bb80000,0x000000076bb80000,0x0000000772400000)
  from space 5120K, 95% used [0x0000000774500000,0x00000007749c7928,0x0000000774a00000)
  to   space 10752K, 0% used [0x0000000773500000,0x0000000773500000,0x0000000773f80000)
 ParOldGen       total 97792K, used 10060K [0x00000006c3200000, 0x00000006c9180000, 0x000000076bb80000)
  object space 97792K, 10% used [0x00000006c3200000,0x00000006c3bd3318,0x00000006c9180000)
 Metaspace       used 24494K, capacity 25430K, committed 25600K, reserved 1071104K
  class space    used 3309K, capacity 3535K, committed 3584K, reserved 1048576K
}
Event: 6.075 GC heap before
{Heap before GC invocations=6 (full 1):
 PSYoungGen      total 112128K, used 111902K [0x000000076bb80000, 0x0000000774a00000, 0x00000007c0000000)
  eden space 107008K, 100% used [0x000000076bb80000,0x0000000772400000,0x0000000772400000)
  from space 5120K, 95% used [0x0000000774500000,0x00000007749c7928,0x0000000774a00000)
  to   space 10752K, 0% used [0x0000000773500000,0x0000000773500000,0x0000000773f80000)
 ParOldGen       total 97792K, used 10060K [0x00000006c3200000, 0x00000006c9180000, 0x000000076bb80000)
  object space 97792K, 10% used [0x00000006c3200000,0x00000006c3bd3318,0x00000006c9180000)
 Metaspace       used 26683K, capacity 27662K, committed 27776K, reserved 1073152K
  class space    used 3663K, capacity 3887K, committed 3968K, reserved 1048576K
Event: 6.082 GC heap after
Heap after GC invocations=6 (full 1):
 PSYoungGen      total 135168K, used 8964K [0x000000076bb80000, 0x0000000777e80000, 0x00000007c0000000)
  eden space 124416K, 0% used [0x000000076bb80000,0x000000076bb80000,0x0000000773500000)
  from space 10752K, 83% used [0x0000000773500000,0x0000000773dc10c0,0x0000000773f80000)
  to   space 13312K, 0% used [0x0000000777180000,0x0000000777180000,0x0000000777e80000)
 ParOldGen       total 97792K, used 10068K [0x00000006c3200000, 0x00000006c9180000, 0x000000076bb80000)
  object space 97792K, 10% used [0x00000006c3200000,0x00000006c3bd5318,0x00000006c9180000)
 Metaspace       used 26683K, capacity 27662K, committed 27776K, reserved 1073152K
  class space    used 3663K, capacity 3887K, committed 3968K, reserved 1048576K
}

